<?xml version="1.0" encoding="UTF-8"?>
<testng-results ignored="0" total="3" passed="2" failed="1" skipped="0">
  <reporter-output>
  </reporter-output>
  <suite started-at="2024-10-09T23:38:52 IST" name="Default suite" finished-at="2024-10-09T23:38:59 IST" duration-ms="6899">
    <groups>
    </groups>
    <test started-at="2024-10-09T23:38:52 IST" name="Default test" finished-at="2024-10-09T23:38:59 IST" duration-ms="6899">
      <class name="com.pom.TestRunner.SampleRunner">
        <test-method is-config="true" signature="setup()[pri:0, instance:com.pom.TestRunner.SampleRunner@d9345cd]" started-at="2024-10-09T23:38:53 IST" name="setup" finished-at="2024-10-09T23:38:59 IST" duration-ms="6226" status="PASS">
          <reporter-output>
          </reporter-output>
        </test-method> <!-- setup -->
        <test-method signature="tc_001()[pri:1, instance:com.pom.TestRunner.SampleRunner@d9345cd]" started-at="2024-10-09T23:38:59 IST" name="tc_001" finished-at="2024-10-09T23:38:59 IST" duration-ms="24" status="PASS">
          <reporter-output>
          </reporter-output>
        </test-method> <!-- tc_001 -->
        <test-method signature="tc_002()[pri:2, instance:com.pom.TestRunner.SampleRunner@d9345cd]" started-at="2024-10-09T23:38:59 IST" name="tc_002" finished-at="2024-10-09T23:38:59 IST" duration-ms="17" status="PASS">
          <reporter-output>
          </reporter-output>
        </test-method> <!-- tc_002 -->
        <test-method signature="tc_003(java.lang.String,java.lang.String,java.lang.String,java.lang.String)[pri:3, instance:com.pom.TestRunner.SampleRunner@d9345cd]" started-at="2024-10-09T23:38:59 IST" name="tc_003" finished-at="2024-10-09T23:38:59 IST" duration-ms="0" status="FAIL">
          <exception class="org.testng.TestNGException">
            <message>
              <![CDATA[
Cannot inject @Test annotated Method [tc_003] with [class java.lang.String, class java.lang.String, class java.lang.String, class java.lang.String].
For more information on native dependency injection please refer to https://testng.org/doc/documentation-main.html#native-dependency-injection]]>
            </message>
            <full-stacktrace>
              <![CDATA[org.testng.TestNGException: 
Cannot inject @Test annotated Method [tc_003] with [class java.lang.String, class java.lang.String, class java.lang.String, class java.lang.String].
For more information on native dependency injection please refer to https://testng.org/doc/documentation-main.html#native-dependency-injection
at org.testng.internal.Parameters.checkParameterTypes(Parameters.java:439)
at org.testng.internal.Parameters.createParametersForMethod(Parameters.java:353)
at org.testng.internal.Parameters.createParameters(Parameters.java:708)
at org.testng.internal.Parameters.handleParameters(Parameters.java:884)
at org.testng.internal.Parameters.handleParameters(Parameters.java:740)
at org.testng.internal.ParameterHandler.handleParameters(ParameterHandler.java:59)
at org.testng.internal.ParameterHandler.createParameters(ParameterHandler.java:38)
at org.testng.internal.TestInvoker$MethodInvocationAgent.invoke(TestInvoker.java:791)
at org.testng.internal.TestInvoker.invokeTestMethods(TestInvoker.java:146)
at org.testng.internal.TestMethodWorker.invokeTestMethods(TestMethodWorker.java:146)
at org.testng.internal.TestMethodWorker.run(TestMethodWorker.java:128)
at java.base/java.util.ArrayList.forEach(ArrayList.java:1596)
at org.testng.TestRunner.privateRun(TestRunner.java:794)
at org.testng.TestRunner.run(TestRunner.java:596)
at org.testng.SuiteRunner.runTest(SuiteRunner.java:377)
at org.testng.SuiteRunner.runSequentially(SuiteRunner.java:371)
at org.testng.SuiteRunner.privateRun(SuiteRunner.java:332)
at org.testng.SuiteRunner.run(SuiteRunner.java:276)
at org.testng.SuiteRunnerWorker.runSuite(SuiteRunnerWorker.java:53)
at org.testng.SuiteRunnerWorker.run(SuiteRunnerWorker.java:96)
at org.testng.TestNG.runSuitesSequentially(TestNG.java:1212)
at org.testng.TestNG.runSuitesLocally(TestNG.java:1134)
at org.testng.TestNG.runSuites(TestNG.java:1063)
at org.testng.TestNG.run(TestNG.java:1031)
at org.testng.remote.AbstractRemoteTestNG.run(AbstractRemoteTestNG.java:115)
at org.testng.remote.RemoteTestNG.initAndRun(RemoteTestNG.java:293)
at org.testng.remote.RemoteTestNG.main(RemoteTestNG.java:91)
]]>
            </full-stacktrace>
          </exception> <!-- org.testng.TestNGException -->
          <reporter-output>
          </reporter-output>
        </test-method> <!-- tc_003 -->
      </class> <!-- com.pom.TestRunner.SampleRunner -->
    </test> <!-- Default test -->
  </suite> <!-- Default suite -->
</testng-results>
